app/build/intermediates/manifest_merge_blame_file/debug/manifest-merger-blame-debug-report.txt
1<?xml version="1.0" encoding="utf-8"?>
2<manifest xmlns:android="http://schemas.android.com/apk/res/android"
3    package="org.yapp.covey"
4    android:versionCode="1"
5    android:versionName="1.0" >
6
7    <uses-sdk
8        android:minSdkVersion="24"
8-->src\main\AndroidManifest.xml
9        android:targetSdkVersion="28" />
9-->src\main\AndroidManifest.xml
10
11    <uses-permission android:name="android.permission.INTERNET" />
11-->src\main\AndroidManifest.xml:6:5-67
11-->src\main\AndroidManifest.xml:6:22-64
12    <uses-permission android:name="android.permission.ACCESS_NETWORK_STATE" />
12-->src\main\AndroidManifest.xml:7:5-79
12-->src\main\AndroidManifest.xml:7:22-76
13
14    <application
14-->src\main\AndroidManifest.xml:9:5-60:19
15        android:name="org.yapp.covey.util.GlobalApplication"
15-->src\main\AndroidManifest.xml:10:9-47
16        android:allowBackup="true"
16-->src\main\AndroidManifest.xml:11:9-35
17        android:appComponentFactory="androidx.core.app.CoreComponentFactory"
17-->[androidx.core:core:1.0.1] AndroidManifest.xml:22:18-86
18        android:debuggable="true"
19        android:icon="@mipmap/ic_launcher"
19-->src\main\AndroidManifest.xml:12:9-43
20        android:label="@string/app_name"
20-->src\main\AndroidManifest.xml:13:9-41
21        android:roundIcon="@mipmap/ic_launcher_round"
21-->src\main\AndroidManifest.xml:14:9-54
22        android:supportsRtl="true"
22-->src\main\AndroidManifest.xml:15:9-35
23        android:testOnly="true"
24        android:theme="@style/AppTheme"
24-->src\main\AndroidManifest.xml:16:9-40
25        android:usesCleartextTraffic="true" >
25-->src\main\AndroidManifest.xml:17:9-44
26        <activity
26-->src\main\AndroidManifest.xml:19:9-20:59
27            android:name="org.yapp.covey.activity.UploadActivity"
27-->src\main\AndroidManifest.xml:19:19-58
28            android:theme="@style/AppTheme.CustomAppBar" />
28-->src\main\AndroidManifest.xml:20:13-57
29        <activity
29-->src\main\AndroidManifest.xml:21:9-22:59
30            android:name="org.yapp.covey.activity.ProfileEditActivity"
30-->src\main\AndroidManifest.xml:21:19-63
31            android:theme="@style/AppTheme.CustomAppBar" />
31-->src\main\AndroidManifest.xml:22:13-57
32        <activity
32-->src\main\AndroidManifest.xml:23:9-24:59
33            android:name="org.yapp.covey.activity.SettingActivity"
33-->src\main\AndroidManifest.xml:23:19-59
34            android:theme="@style/AppTheme.CustomAppBar" />
34-->src\main\AndroidManifest.xml:24:13-57
35        <activity
35-->src\main\AndroidManifest.xml:26:9-28:60
36            android:name="org.yapp.covey.activity.AlertActivity"
36-->src\main\AndroidManifest.xml:27:13-51
37            android:theme="@style/AppTheme.CustomAppBar" />
37-->src\main\AndroidManifest.xml:28:13-57
38        <activity
38-->src\main\AndroidManifest.xml:29:9-31:60
39            android:name="org.yapp.covey.activity.DetailActivity"
39-->src\main\AndroidManifest.xml:30:13-52
40            android:theme="@style/AppTheme.CustomAppBar" />
40-->src\main\AndroidManifest.xml:31:13-57
41        <activity
41-->src\main\AndroidManifest.xml:32:9-34:47
42            android:name="org.yapp.covey.activity.MoreItemActivity"
42-->src\main\AndroidManifest.xml:33:13-54
43            android:theme="@style/AppTheme" />
43-->src\main\AndroidManifest.xml:34:13-44
44        <activity
44-->src\main\AndroidManifest.xml:35:9-43:20
45            android:name="org.yapp.covey.activity.MainActivity"
45-->src\main\AndroidManifest.xml:36:13-50
46            android:theme="@style/AppTheme.StatusBarWhite"
46-->src\main\AndroidManifest.xml:37:13-59
47            android:windowSoftInputMode="adjustPan" >
47-->src\main\AndroidManifest.xml:38:13-52
48            <intent-filter>
48-->src\main\AndroidManifest.xml:39:13-42:29
49                <action android:name="android.intent.action.MAIN" />
49-->src\main\AndroidManifest.xml:40:17-69
49-->src\main\AndroidManifest.xml:40:25-66
50
51                <category android:name="android.intent.category.LAUNCHER" />
51-->src\main\AndroidManifest.xml:41:17-77
51-->src\main\AndroidManifest.xml:41:27-74
52            </intent-filter>
53        </activity>
54        <activity
54-->src\main\AndroidManifest.xml:44:9-52:20
55            android:name="org.yapp.covey.activity.SignupActivity"
55-->src\main\AndroidManifest.xml:45:13-52
56            android:theme="@style/AppTheme" >
56-->src\main\AndroidManifest.xml:46:13-44
57            <intent-filter>
57-->src\main\AndroidManifest.xml:39:13-42:29
58                <action android:name="android.intent.action.MAIN" />
58-->src\main\AndroidManifest.xml:40:17-69
58-->src\main\AndroidManifest.xml:40:25-66
59
60                <category android:name="android.intent.category.LAUNCHER" />
60-->src\main\AndroidManifest.xml:41:17-77
60-->src\main\AndroidManifest.xml:41:27-74
61            </intent-filter>
62        </activity>
63
64        <meta-data
64-->src\main\AndroidManifest.xml:54:9-56:53
65            android:name="com.kakao.sdk.AppKey"
65-->src\main\AndroidManifest.xml:55:13-48
66            android:value="@string/kakao_app_key" />
66-->src\main\AndroidManifest.xml:56:13-50
67        <meta-data
67-->src\main\AndroidManifest.xml:57:9-59:56
68            android:name="com.facebook.sdk.ApplicationId"
68-->src\main\AndroidManifest.xml:58:13-58
69            android:value="@string/facebook_app_key" />
69-->src\main\AndroidManifest.xml:59:13-53
70
71        <activity
71-->[com.facebook.android:facebook-common:4.42.0] AndroidManifest.xml:29:9-32:66
72            android:name="com.facebook.FacebookActivity"
72-->[com.facebook.android:facebook-common:4.42.0] AndroidManifest.xml:30:13-57
73            android:configChanges="keyboard|keyboardHidden|screenLayout|screenSize|orientation"
73-->[com.facebook.android:facebook-common:4.42.0] AndroidManifest.xml:31:13-96
74            android:theme="@style/com_facebook_activity_theme" />
74-->[com.facebook.android:facebook-common:4.42.0] AndroidManifest.xml:32:13-63
75        <activity android:name="com.facebook.CustomTabMainActivity" />
75-->[com.facebook.android:facebook-common:4.42.0] AndroidManifest.xml:33:9-71
75-->[com.facebook.android:facebook-common:4.42.0] AndroidManifest.xml:33:19-68
76        <activity android:name="com.facebook.CustomTabActivity" />
76-->[com.facebook.android:facebook-common:4.42.0] AndroidManifest.xml:34:9-67
76-->[com.facebook.android:facebook-common:4.42.0] AndroidManifest.xml:34:19-64
77        <activity
77-->[com.kakao.sdk:auth:1.5.1] AndroidManifest.xml:12:9-23:20
78            android:name="com.kakao.auth.authorization.authcode.KakaoWebViewActivity"
78-->[com.kakao.sdk:auth:1.5.1] AndroidManifest.xml:13:13-86
79            android:configChanges="orientation|screenSize"
79-->[com.kakao.sdk:auth:1.5.1] AndroidManifest.xml:14:13-59
80            android:label="@string/com_kakao_login_button"
80-->[com.kakao.sdk:auth:1.5.1] AndroidManifest.xml:15:13-59
81            android:launchMode="singleTop"
81-->[com.kakao.sdk:auth:1.5.1] AndroidManifest.xml:16:13-43
82            android:windowSoftInputMode="adjustResize" >
82-->[com.kakao.sdk:auth:1.5.1] AndroidManifest.xml:17:13-55
83            <intent-filter>
83-->[com.kakao.sdk:auth:1.5.1] AndroidManifest.xml:18:13-22:29
84                <action android:name="android.intent.action.MAIN" />
84-->src\main\AndroidManifest.xml:40:17-69
84-->src\main\AndroidManifest.xml:40:25-66
85
86                <category android:name="android.intent.category.DEFAULT" />
86-->[com.kakao.sdk:auth:1.5.1] AndroidManifest.xml:21:17-76
86-->[com.kakao.sdk:auth:1.5.1] AndroidManifest.xml:21:27-73
87            </intent-filter>
88        </activity>
89        <!--
90         The initialization ContentProvider will call FacebookSdk.sdkInitialize automatically
91         with the application context. This config is merged in with the host app's manifest,
92         but there can only be one provider with the same authority activated at any given
93         point; so if the end user has two or more different apps that use Facebook SDK, only the
94         first one will be able to use the provider. To work around this problem, we use the
95         following placeholder in the authority to identify each host application as if it was
96         a completely different provider.
97        -->
98        <provider
98-->[com.facebook.android:facebook-core:4.42.0] AndroidManifest.xml:39:9-42:40
99            android:name="com.facebook.internal.FacebookInitProvider"
99-->[com.facebook.android:facebook-core:4.42.0] AndroidManifest.xml:40:13-70
100            android:authorities="org.yapp.covey.FacebookInitProvider"
100-->[com.facebook.android:facebook-core:4.42.0] AndroidManifest.xml:41:13-72
101            android:exported="false" />
101-->[com.facebook.android:facebook-core:4.42.0] AndroidManifest.xml:42:13-37
102
103        <receiver
103-->[com.facebook.android:facebook-core:4.42.0] AndroidManifest.xml:44:9-50:20
104            android:name="com.facebook.CurrentAccessTokenExpirationBroadcastReceiver"
104-->[com.facebook.android:facebook-core:4.42.0] AndroidManifest.xml:45:13-86
105            android:exported="false" >
105-->[com.facebook.android:facebook-core:4.42.0] AndroidManifest.xml:46:13-37
106            <intent-filter>
106-->[com.facebook.android:facebook-core:4.42.0] AndroidManifest.xml:47:13-49:29
107                <action android:name="com.facebook.sdk.ACTION_CURRENT_ACCESS_TOKEN_CHANGED" />
107-->[com.facebook.android:facebook-core:4.42.0] AndroidManifest.xml:48:17-95
107-->[com.facebook.android:facebook-core:4.42.0] AndroidManifest.xml:48:25-92
108            </intent-filter>
109        </receiver>
110
111        <provider
111-->[androidx.lifecycle:lifecycle-process:2.0.0] AndroidManifest.xml:23:9-27:43
112            android:name="androidx.lifecycle.ProcessLifecycleOwnerInitializer"
112-->[androidx.lifecycle:lifecycle-process:2.0.0] AndroidManifest.xml:24:13-79
113            android:authorities="org.yapp.covey.lifecycle-process"
113-->[androidx.lifecycle:lifecycle-process:2.0.0] AndroidManifest.xml:25:13-69
114            android:exported="false"
114-->[androidx.lifecycle:lifecycle-process:2.0.0] AndroidManifest.xml:26:13-37
115            android:multiprocess="true" />
115-->[androidx.lifecycle:lifecycle-process:2.0.0] AndroidManifest.xml:27:13-40
116    </application>
117
118</manifest>